Atmosphère Crash Report (v1.7):
Result:                          0x4A8 (2168-0002)

Process Info:
    Process Name:                hbloader
    Program ID:                  010027901c89c000
    Process ID:                  0000000000000095
    Process Flags:               00000077
    User Exception Address:      0000000f29450000
Exception Info:
    Type:                        Data Abort
    Address:                     00000039dbb22738
    Fault Address:               0000000000000000
Crashed Thread Info:
    Thread ID:                   00000000000008ca
    Stack Region:                0000002f77c1e000-0000002f77d1e000
    Registers:
        X[00]:                   00000039dbb22738
        X[01]:                   00000039dbb1b328
        X[02]:                   000000000000002a
        X[03]:                   000000000000002a
        X[04]:                   00000039dbb1b352
        X[05]:                   00000039dbb22762
        X[06]:                   2f2f3a7370747468
        X[07]:                   7473616365726f66
        X[08]:                   726568746165772e
        X[09]:                   70614d2f766f672e
        X[10]:                   772e747361636572
        X[11]:                   672e726568746165
        X[12]:                   6c4370614d2f766f
        X[13]:                   3f7068702e6b6369
        X[14]:                   000000000000003f
        X[15]:                   0000000001e001e0
        X[16]:                   0000000000000000
        X[17]:                   00f000f000000000
        X[18]:                   0000002f77d1ddc8
        X[19]:                   0000002f77d1ddc8
        X[20]:                   000000000000002a
        X[21]:                   000000000000002a
        X[22]:                   00000039dbb1b328
        X[23]:                   0000002f77d1ddc8
        X[24]:                   0000002f77d1dd80
        X[25]:                   0000002f77d1dad0
        X[26]:                   0000000000000000
        X[27]:                   0000000000000000
        X[28]:                   0000000000000000
        FP:                      0000002f77d1d7c0
        LR:                      00000039dbb0bce8 (Weather-Text-for-Nintendo-Switc + 0x73ce8)
        SP:                      0000002f77d1d7c0
        PC:                      00000039dbafb1e8 (Weather-Text-for-Nintendo-Switc + 0x631e8)
    Stack Trace:
        ReturnAddress[00]:       00000039dbb0ad8c (Weather-Text-for-Nintendo-Switc + 0x72d8c)
        ReturnAddress[01]:       00000039dbb05e54 (Weather-Text-for-Nintendo-Switc + 0x6de54)
        ReturnAddress[02]:       00000039dbb01c74 (Weather-Text-for-Nintendo-Switc + 0x69c74)
        ReturnAddress[03]:       00000039dba98760 (Weather-Text-for-Nintendo-Switc + 0x760)
        ReturnAddress[04]:       00000039dba982e0 (Weather-Text-for-Nintendo-Switc + 0x2e0)
        ReturnAddress[05]:       00000039dba98140 (Weather-Text-for-Nintendo-Switc + 0x140)
        ReturnAddress[06]:       00000039dba98000 (Weather-Text-for-Nintendo-Switc + 0x0)
    Stack Dump:                               00 01 02 03 04 05 06 07 08 09 0a 0b 0c 0d 0e 0f
                                 002f77d1d7c0 10 d8 d1 77 2f 00 00 00 8c ad b0 db 39 00 00 00
                                 002f77d1d7d0 c0 da d1 77 2f 00 00 00 c0 d9 d1 77 2f 00 00 00
                                 002f77d1d7e0 2a 00 00 00 00 00 00 00 b8 39 b4 db 39 00 00 00
                                 002f77d1d7f0 00 00 00 00 00 00 00 00 00 00 00 00 00 00 00 00
                                 002f77d1d800 00 00 00 00 00 00 00 00 00 00 00 00 00 00 00 00
                                 002f77d1d810 50 d8 d1 77 2f 00 00 00 54 5e b0 db 39 00 00 00
                                 002f77d1d820 2a 00 00 00 00 00 00 00 00 00 00 00 00 00 00 00
                                 002f77d1d830 28 b3 b1 db 39 00 00 00 b8 39 b4 db 39 00 00 00
                                 002f77d1d840 73 00 00 00 00 00 00 00 a8 25 b0 db 39 00 00 00
                                 002f77d1d850 40 dd d1 77 2f 00 00 00 74 1c b0 db 39 00 00 00
                                 002f77d1d860 38 27 b2 db 39 00 00 00 00 01 00 00 00 00 00 00
                                 002f77d1d870 b8 39 b4 db 39 00 00 00 90 2d e1 d8 45 00 00 00
                                 002f77d1d880 70 10 b4 db 39 00 00 00 70 8e e7 32 36 00 00 00
                                 002f77d1d890 77 8e e7 32 36 00 00 00 ff ff ff ff ff ff ff ff
                                 002f77d1d8a0 18 0d e0 d8 45 00 00 00 00 e0 d1 77 2f 00 00 00
                                 002f77d1d8b0 00 00 00 00 00 00 00 00 a8 c3 eb 31 36 00 00 00
    TLS Address:                 0000000f29450200
    TLS Dump:                                 00 01 02 03 04 05 06 07 08 09 0a 0b 0c 0d 0e 0f
                                 000f29450200 04 00 00 00 08 00 00 00 00 00 00 00 00 00 00 00
                                 000f29450210 02 00 00 00 90 00 00 00 00 00 00 00 00 00 00 00
                                 000f29450220 53 46 43 4f 00 00 00 00 00 00 00 00 a1 6d 71 f3
                                 000f29450230 0e 00 00 00 00 00 00 00 00 00 00 00 00 00 00 00
                                 000f29450240 00 00 00 00 00 00 00 00 00 00 00 00 00 00 00 00
                                 000f29450250 00 04 00 00 00 00 00 00 2f 00 10 00 00 00 00 00
                                 000f29450260 00 00 00 00 00 00 00 00 00 00 00 00 00 00 00 00
                                 000f29450270 49 00 00 00 00 00 00 00 95 00 00 00 00 00 00 00
                                 000f29450280 00 00 00 00 00 00 00 00 00 00 00 00 00 00 00 00
                                 000f29450290 00 00 00 00 00 00 00 00 00 00 00 00 00 00 00 00
                                 000f294502a0 00 00 00 00 00 00 00 00 00 00 00 00 00 00 00 00
                                 000f294502b0 00 00 00 00 00 00 00 00 00 00 00 00 00 00 00 00
                                 000f294502c0 00 00 00 00 00 00 00 00 00 00 00 00 00 00 00 00
                                 000f294502d0 00 00 00 00 00 00 00 00 00 00 00 00 00 00 00 00
                                 000f294502e0 00 00 00 00 00 00 00 00 00 00 00 00 00 00 00 00
                                 000f294502f0 00 00 00 00 00 00 00 00 00 00 00 00 00 00 00 00
Module Info:
    Number of Modules:           01
    Module 00:
        Address:                 00000039dba98000-00000039dbb1b000
        Name:                    Weather-Text-for-Nintendo-Switc
        Module Id:               D8043FDEDF6C2304EE061588639C9F4B3F251CDB000000000000000000000000
Thread Report:
Number of Threads:               01
Threads[00]:
    Thread ID:                   00000000000008ca
    Stack Region:                0000002f77c1e000-0000002f77d1e000
    Registers:
        X[00]:                   00000039dbb22738
        X[01]:                   00000039dbb1b328
        X[02]:                   000000000000002a
        X[03]:                   000000000000002a
        X[04]:                   00000039dbb1b352
        X[05]:                   00000039dbb22762
        X[06]:                   2f2f3a7370747468
        X[07]:                   7473616365726f66
        X[08]:                   726568746165772e
        X[09]:                   70614d2f766f672e
        X[10]:                   772e747361636572
        X[11]:                   672e726568746165
        X[12]:                   6c4370614d2f766f
        X[13]:                   3f7068702e6b6369
        X[14]:                   000000000000003f
        X[15]:                   0000000001e001e0
        X[16]:                   0000000000000000
        X[17]:                   00f000f000000000
        X[18]:                   0000002f77d1ddc8
        X[19]:                   0000002f77d1ddc8
        X[20]:                   000000000000002a
        X[21]:                   000000000000002a
        X[22]:                   00000039dbb1b328
        X[23]:                   0000002f77d1ddc8
        X[24]:                   0000002f77d1dd80
        X[25]:                   0000002f77d1dad0
        X[26]:                   0000000000000000
        X[27]:                   0000000000000000
        X[28]:                   0000000000000000
        FP:                      0000002f77d1d7c0
        LR:                      00000039dbb0bce8 (Weather-Text-for-Nintendo-Switc + 0x73ce8)
        SP:                      0000002f77d1d7c0
        PC:                      00000039dbafb1e8 (Weather-Text-for-Nintendo-Switc + 0x631e8)
    Stack Trace:
        ReturnAddress[00]:       00000039dbb0ad8c (Weather-Text-for-Nintendo-Switc + 0x72d8c)
        ReturnAddress[01]:       00000039dbb05e54 (Weather-Text-for-Nintendo-Switc + 0x6de54)
        ReturnAddress[02]:       00000039dbb01c74 (Weather-Text-for-Nintendo-Switc + 0x69c74)
        ReturnAddress[03]:       00000039dba98760 (Weather-Text-for-Nintendo-Switc + 0x760)
        ReturnAddress[04]:       00000039dba982e0 (Weather-Text-for-Nintendo-Switc + 0x2e0)
        ReturnAddress[05]:       00000039dba98140 (Weather-Text-for-Nintendo-Switc + 0x140)
        ReturnAddress[06]:       00000039dba98000 (Weather-Text-for-Nintendo-Switc + 0x0)
    Stack Dump:                               00 01 02 03 04 05 06 07 08 09 0a 0b 0c 0d 0e 0f
                                 002f77d1d7c0 10 d8 d1 77 2f 00 00 00 8c ad b0 db 39 00 00 00
                                 002f77d1d7d0 c0 da d1 77 2f 00 00 00 c0 d9 d1 77 2f 00 00 00
                                 002f77d1d7e0 2a 00 00 00 00 00 00 00 b8 39 b4 db 39 00 00 00
                                 002f77d1d7f0 00 00 00 00 00 00 00 00 00 00 00 00 00 00 00 00
                                 002f77d1d800 00 00 00 00 00 00 00 00 00 00 00 00 00 00 00 00
                                 002f77d1d810 50 d8 d1 77 2f 00 00 00 54 5e b0 db 39 00 00 00
                                 002f77d1d820 2a 00 00 00 00 00 00 00 00 00 00 00 00 00 00 00
                                 002f77d1d830 28 b3 b1 db 39 00 00 00 b8 39 b4 db 39 00 00 00
                                 002f77d1d840 73 00 00 00 00 00 00 00 a8 25 b0 db 39 00 00 00
                                 002f77d1d850 40 dd d1 77 2f 00 00 00 74 1c b0 db 39 00 00 00
                                 002f77d1d860 38 27 b2 db 39 00 00 00 00 01 00 00 00 00 00 00
                                 002f77d1d870 b8 39 b4 db 39 00 00 00 90 2d e1 d8 45 00 00 00
                                 002f77d1d880 70 10 b4 db 39 00 00 00 70 8e e7 32 36 00 00 00
                                 002f77d1d890 77 8e e7 32 36 00 00 00 ff ff ff ff ff ff ff ff
                                 002f77d1d8a0 18 0d e0 d8 45 00 00 00 00 e0 d1 77 2f 00 00 00
                                 002f77d1d8b0 00 00 00 00 00 00 00 00 a8 c3 eb 31 36 00 00 00
    TLS Address:                 0000000f29450200
    TLS Dump:                                 00 01 02 03 04 05 06 07 08 09 0a 0b 0c 0d 0e 0f
                                 000f29450200 04 00 00 00 08 00 00 00 00 00 00 00 00 00 00 00
                                 000f29450210 02 00 00 00 90 00 00 00 00 00 00 00 00 00 00 00
                                 000f29450220 53 46 43 4f 00 00 00 00 00 00 00 00 a1 6d 71 f3
                                 000f29450230 0e 00 00 00 00 00 00 00 00 00 00 00 00 00 00 00
                                 000f29450240 00 00 00 00 00 00 00 00 00 00 00 00 00 00 00 00
                                 000f29450250 00 04 00 00 00 00 00 00 2f 00 10 00 00 00 00 00
                                 000f29450260 00 00 00 00 00 00 00 00 00 00 00 00 00 00 00 00
                                 000f29450270 49 00 00 00 00 00 00 00 95 00 00 00 00 00 00 00
                                 000f29450280 00 00 00 00 00 00 00 00 00 00 00 00 00 00 00 00
                                 000f29450290 00 00 00 00 00 00 00 00 00 00 00 00 00 00 00 00
                                 000f294502a0 00 00 00 00 00 00 00 00 00 00 00 00 00 00 00 00
                                 000f294502b0 00 00 00 00 00 00 00 00 00 00 00 00 00 00 00 00
                                 000f294502c0 00 00 00 00 00 00 00 00 00 00 00 00 00 00 00 00
                                 000f294502d0 00 00 00 00 00 00 00 00 00 00 00 00 00 00 00 00
                                 000f294502e0 00 00 00 00 00 00 00 00 00 00 00 00 00 00 00 00
                                 000f294502f0 00 00 00 00 00 00 00 00 00 00 00 00 00 00 00 00
